{
  "0 debug pnpm:scope": {
    "selected": 1
  },
  "1 debug pnpm:package-manifest": {
    "initial": {
      "name": "ts-exc",
      "version": "1.0.0",
      "description": "",
      "main": "index.js",
      "scripts": {
        "test": "echo \"Error: no test specified\" && exit 1"
      },
      "keywords": [],
      "author": "",
      "license": "ISC"
    },
    "prefix": "D:\\bml\\github\\ts-exc"
  },
  "2 debug pnpm:context": {
    "currentLockfileExists": false,
    "storeDir": "D:\\.pnpm-store\\v3",
    "virtualStoreDir": "D:\\bml\\github\\ts-exc\\node_modules\\.pnpm"
  },
  "3 debug pnpm:stage": {
    "prefix": "D:\\bml\\github\\ts-exc",
    "stage": "resolution_started"
  },
  "4 debug pnpm:request-retry": {
    "attempt": 1,
    "error": {
      "type": "system",
      "errno": "ENOTFOUND",
      "code": "ENOTFOUND",
      "erroredSysCall": "getaddrinfo"
    },
    "maxRetries": 2,
    "method": "GET",
    "timeout": 10000,
    "url": "http://npm.intsig.com/typescript"
  },
  "5 debug pnpm:request-retry": {
    "attempt": 2,
    "error": {
      "type": "system",
      "errno": "ENOTFOUND",
      "code": "ENOTFOUND",
      "erroredSysCall": "getaddrinfo"
    },
    "maxRetries": 2,
    "method": "GET",
    "timeout": 60000,
    "url": "http://npm.intsig.com/typescript"
  },
  "6 error pnpm": {
    "code": "ERR_PNPM_META_FETCH_FAIL",
    "attempts": 1,
    "spec": {
      "fetchSpec": "latest",
      "name": "typescript",
      "type": "tag"
    },
    "pkgsStack": [],
    "err": {
      "name": "pnpm",
      "message": "GET http://npm.intsig.com/typescript: request to http://npm.intsig.com/typescript failed, reason: getaddrinfo ENOTFOUND npm.intsig.com",
      "code": "ERR_PNPM_META_FETCH_FAIL",
      "stack": "pnpm: GET http://npm.intsig.com/typescript: request to http://npm.intsig.com/typescript failed, reason: getaddrinfo ENOTFOUND npm.intsig.com\n    at RetryOperation._fn (C:\\snapshot\\dist\\pnpm.cjs)\n    at processTicksAndRejections (internal/process/task_queues.js:95:5)"
    }
  }
}